<!DOCTYPE html PUBLIC "-//W3C//DTD XHTML 1.1//EN" "https://www.w3.org/TR/xhtml11/DTD/xhtml11.dtd">
<html xmlns="https://www.w3.org/1999/xhtml">
<head>
<meta http-equiv="content-type" content="text/html; charset=UTF-8"/>
<title>TestNG Report</title>
<style type="text/css">table {margin-bottom:10px;border-collapse:collapse;empty-cells:show}th,td {border:1px solid #009;padding:.25em .5em}th {vertical-align:bottom}td {vertical-align:top}table a {font-weight:bold}.stripe td {background-color: #E6EBF9}.num {text-align:right}.passedodd td {background-color: #3F3}.passedeven td {background-color: #0A0}.skippedodd td {background-color: #DDD}.skippedeven td {background-color: #CCC}.failedodd td,.attn {background-color: #F33}.failedeven td,.stripe .attn {background-color: #D00}.stacktrace {white-space:pre;font-family:monospace}.totop {font-size:85%;text-align:center;border-bottom:2px solid #000}.invisible {display:none}</style>
</head>
<body>
<table>
<tr><th>Test</th><th># Passed</th><th># Skipped</th><th># Retried</th><th># Failed</th><th>Time (ms)</th><th>Included Groups</th><th>Excluded Groups</th></tr>
<tr><th colspan="8">N11 Test Suite</th></tr>
<tr><td><a href="#t0">LoginTest</a></td><td class="num">11</td><td class="num">0</td><td class="num">0</td><td class="num attn">3</td><td class="num">119,079</td><td></td><td></td></tr>
</table>
<table id='summary'><thead><tr><th>Class</th><th>Method</th><th>Start</th><th>Time (ms)</th></tr></thead><tbody><tr><th colspan="4">N11 Test Suite</th></tr></tbody><tbody id="t0"><tr><th colspan="4">LoginTest &#8212; failed</th></tr><tr class="failedeven"><td rowspan="3">tests.AgentSignUp</td><td><a href="#m0">TC_Negative_Verify_that_Agent_ShouldGet_TheValidationError_InCaseOfEmptyFields_Step3</a></td><td rowspan="1">1641383438988</td><td rowspan="1">11087</td></tr><tr class="failedeven"><td><a href="#m1">TC_Negative_Verify_that_Agent_Should_SignUp_Successfully_AfterStep3</a></td><td rowspan="1">1641383450447</td><td rowspan="1">2067</td></tr><tr class="failedeven"><td><a href="#m2">TC_Negative_Verify_that_Agent_Should_ValidateFirstForm_InCaseOfValidFields</a></td><td rowspan="1">1641383376548</td><td rowspan="1">21694</td></tr><tr><th colspan="4">LoginTest &#8212; passed</th></tr><tr class="passedeven"><td rowspan="11">tests.AgentSignUp</td><td><a href="#m3">TC_Negative_Verify_that_Agent_ShouldGet_TheValidationError_InCaseOfEmptyFields</a></td><td rowspan="1">1641383338166</td><td rowspan="1">11986</td></tr><tr class="passedeven"><td><a href="#m4">TC_Negative_Verify_that_Agent_ShouldGet_TheValidationError_InCaseOfEmptyFields_Step2</a></td><td rowspan="1">1641383398504</td><td rowspan="1">9586</td></tr><tr class="passedeven"><td><a href="#m5">TC_Negative_Verify_that_Agent_ShouldNot_AbleToEnter_AlphabeticalValue_inMobileNumber_Field</a></td><td rowspan="1">1641383374991</td><td rowspan="1">1555</td></tr><tr class="passedeven"><td><a href="#m6">TC_Negative_Verify_that_Agent_Should_GetError_OnEnter_AlreadyExistUser</a></td><td rowspan="1">1641383362621</td><td rowspan="1">12368</td></tr><tr class="passedeven"><td><a href="#m7">TC_Negative_Verify_that_Agent_Should_GetError_OnEnter_InvalidEmail</a></td><td rowspan="1">1641383355824</td><td rowspan="1">6794</td></tr><tr class="passedeven"><td><a href="#m8">TC_Negative_Verify_that_Agent_Should_GetError_OnEnter_InvalidNumber</a></td><td rowspan="1">1641383350162</td><td rowspan="1">5658</td></tr><tr class="passedeven"><td><a href="#m9">TC_Negative_Verify_that_Agent_ShouldbeAble_ToReachOn_Step3_Successfully</a></td><td rowspan="1">1641383436966</td><td rowspan="1">2020</td></tr><tr class="passedeven"><td><a href="#m10">TC_Negative_Verify_that_Agent_ShouldbeAble_ToSelect_Town_Successfully</a></td><td rowspan="1">1641383422634</td><td rowspan="1">7022</td></tr><tr class="passedeven"><td><a href="#m11">TC_Negative_Verify_that_Agent_ShouldbeAble_ToSelect_YearSuccessfully</a></td><td rowspan="1">1641383417428</td><td rowspan="1">5202</td></tr><tr class="passedeven"><td><a href="#m12">TC_Negative_Verify_that_Agent_ShouldbeAble_ToSubmit_Step2_Successfully</a></td><td rowspan="1">1641383429658</td><td rowspan="1">7305</td></tr><tr class="passedeven"><td><a href="#m13">TC_Negative_Verify_that_Agent_ShouldbeAble_ToUpload_ImageSuccessfully</a></td><td rowspan="1">1641383408092</td><td rowspan="1">9326</td></tr></tbody>
</table>
<h2>LoginTest</h2><h3 id="m0">tests.AgentSignUp#TC_Negative_Verify_that_Agent_ShouldGet_TheValidationError_InCaseOfEmptyFields_Step3</h3><table class="result"><tr><th>Exception</th></tr><tr><td><div class="stacktrace">org.openqa.selenium.NoSuchElementException: no such element: Unable to locate element: {&quot;method&quot;:&quot;xpath&quot;,&quot;selector&quot;:&quot;//div[contains(text(),&apos;Enter first name&apos;)]&quot;}
  (Session info: chrome=96.0.4664.110)
For documentation on this error, please visit: https://www.seleniumhq.org/exceptions/no_such_element.html
Build info: version: &apos;3.141.59&apos;, revision: &apos;e82be7d358&apos;, time: &apos;2018-11-14T08:25:48&apos;
System info: host: &apos;DESKTOP-RQ3L8BF&apos;, ip: &apos;192.168.1.5&apos;, os.name: &apos;Windows 10&apos;, os.arch: &apos;amd64&apos;, os.version: &apos;10.0&apos;, java.version: &apos;17.0.1&apos;
Driver info: org.openqa.selenium.chrome.ChromeDriver
Capabilities {acceptInsecureCerts: false, browserName: chrome, browserVersion: 96.0.4664.110, chrome: {chromedriverVersion: 96.0.4664.18 (b8887b3d1742a..., userDataDir: C:\Users\khans\AppData\Loca...}, goog:chromeOptions: {debuggerAddress: localhost:52818}, javascriptEnabled: true, networkConnectionEnabled: false, pageLoadStrategy: normal, platform: WINDOWS, platformName: WINDOWS, proxy: Proxy(), setWindowRect: true, strictFileInteractability: false, timeouts: {implicit: 0, pageLoad: 300000, script: 30000}, unhandledPromptBehavior: dismiss and notify, webauthn:extension:credBlob: true, webauthn:extension:largeBlob: true, webauthn:virtualAuthenticators: true}
Session ID: b772d4708ae6393135bae2d3a7b6eb09
*** Element info: {Using=xpath, value=//div[contains(text(),&apos;Enter first name&apos;)]}
	at org.openqa.selenium.remote.http.W3CHttpResponseCodec.createException(W3CHttpResponseCodec.java:187)
	at org.openqa.selenium.remote.http.W3CHttpResponseCodec.decode(W3CHttpResponseCodec.java:122)
	at org.openqa.selenium.remote.http.W3CHttpResponseCodec.decode(W3CHttpResponseCodec.java:49)
	at org.openqa.selenium.remote.HttpCommandExecutor.execute(HttpCommandExecutor.java:158)
	at org.openqa.selenium.remote.service.DriverCommandExecutor.execute(DriverCommandExecutor.java:83)
	at org.openqa.selenium.remote.RemoteWebDriver.execute(RemoteWebDriver.java:552)
	at org.openqa.selenium.remote.RemoteWebDriver.findElement(RemoteWebDriver.java:323)
	at org.openqa.selenium.remote.RemoteWebDriver.findElementByXPath(RemoteWebDriver.java:428)
	at org.openqa.selenium.By$ByXPath.findElement(By.java:353)
	at org.openqa.selenium.remote.RemoteWebDriver.findElement(RemoteWebDriver.java:315)
	at pages.BasePage.readText(BasePage.java:29)
	at pages.PageAgentSignUp.verifyErrors3(PageAgentSignUp.java:458)
	at tests.AgentSignUp.TC_Negative_Verify_that_Agent_ShouldGet_TheValidationError_InCaseOfEmptyFields_Step3(AgentSignUp.java:439)
	at java.base/java.util.ArrayList.forEach(ArrayList.java:1511)
... Removed 32 stack frames</div></td></tr></table><p class="totop"><a href="#summary">back to summary</a></p>
<h3 id="m1">tests.AgentSignUp#TC_Negative_Verify_that_Agent_Should_SignUp_Successfully_AfterStep3</h3><table class="result"><tr><th>Exception</th></tr><tr><td><div class="stacktrace">org.openqa.selenium.NoSuchElementException: no such element: Unable to locate element: {&quot;method&quot;:&quot;css selector&quot;,&quot;selector&quot;:&quot;*[name=&apos;broker_first_name&apos;]&quot;}
  (Session info: chrome=96.0.4664.110)
For documentation on this error, please visit: https://www.seleniumhq.org/exceptions/no_such_element.html
Build info: version: &apos;3.141.59&apos;, revision: &apos;e82be7d358&apos;, time: &apos;2018-11-14T08:25:48&apos;
System info: host: &apos;DESKTOP-RQ3L8BF&apos;, ip: &apos;192.168.1.5&apos;, os.name: &apos;Windows 10&apos;, os.arch: &apos;amd64&apos;, os.version: &apos;10.0&apos;, java.version: &apos;17.0.1&apos;
Driver info: org.openqa.selenium.chrome.ChromeDriver
Capabilities {acceptInsecureCerts: false, browserName: chrome, browserVersion: 96.0.4664.110, chrome: {chromedriverVersion: 96.0.4664.18 (b8887b3d1742a..., userDataDir: C:\Users\khans\AppData\Loca...}, goog:chromeOptions: {debuggerAddress: localhost:52818}, javascriptEnabled: true, networkConnectionEnabled: false, pageLoadStrategy: normal, platform: WINDOWS, platformName: WINDOWS, proxy: Proxy(), setWindowRect: true, strictFileInteractability: false, timeouts: {implicit: 0, pageLoad: 300000, script: 30000}, unhandledPromptBehavior: dismiss and notify, webauthn:extension:credBlob: true, webauthn:extension:largeBlob: true, webauthn:virtualAuthenticators: true}
Session ID: b772d4708ae6393135bae2d3a7b6eb09
*** Element info: {Using=name, value=broker_first_name}
	at org.openqa.selenium.remote.http.W3CHttpResponseCodec.createException(W3CHttpResponseCodec.java:187)
	at org.openqa.selenium.remote.http.W3CHttpResponseCodec.decode(W3CHttpResponseCodec.java:122)
	at org.openqa.selenium.remote.http.W3CHttpResponseCodec.decode(W3CHttpResponseCodec.java:49)
	at org.openqa.selenium.remote.HttpCommandExecutor.execute(HttpCommandExecutor.java:158)
	at org.openqa.selenium.remote.service.DriverCommandExecutor.execute(DriverCommandExecutor.java:83)
	at org.openqa.selenium.remote.RemoteWebDriver.execute(RemoteWebDriver.java:552)
	at org.openqa.selenium.remote.RemoteWebDriver.findElement(RemoteWebDriver.java:323)
	at org.openqa.selenium.remote.RemoteWebDriver.findElementByName(RemoteWebDriver.java:404)
	at org.openqa.selenium.By$ByName.findElement(By.java:284)
	at org.openqa.selenium.remote.RemoteWebDriver.findElement(RemoteWebDriver.java:315)
	at pages.BasePage.writeText(BasePage.java:24)
	at pages.PageAgentSignUp.entervalues3(PageAgentSignUp.java:125)
	at tests.AgentSignUp.TC_Negative_Verify_that_Agent_Should_SignUp_Successfully_AfterStep3(AgentSignUp.java:465)
	at java.base/java.util.ArrayList.forEach(ArrayList.java:1511)
... Removed 32 stack frames</div></td></tr></table><p class="totop"><a href="#summary">back to summary</a></p>
<h3 id="m2">tests.AgentSignUp#TC_Negative_Verify_that_Agent_Should_ValidateFirstForm_InCaseOfValidFields</h3><table class="result"><tr><th>Exception</th></tr><tr><td><div class="stacktrace">org.openqa.selenium.NoSuchElementException: no such element: Unable to locate element: {&quot;method&quot;:&quot;xpath&quot;,&quot;selector&quot;:&quot;//*[@id=&quot;root&quot;]/div/div[1]/div/div/div/div/div[2]/div/form/div/div[1]/h5&quot;}
  (Session info: chrome=96.0.4664.110)
For documentation on this error, please visit: https://www.seleniumhq.org/exceptions/no_such_element.html
Build info: version: &apos;3.141.59&apos;, revision: &apos;e82be7d358&apos;, time: &apos;2018-11-14T08:25:48&apos;
System info: host: &apos;DESKTOP-RQ3L8BF&apos;, ip: &apos;192.168.1.5&apos;, os.name: &apos;Windows 10&apos;, os.arch: &apos;amd64&apos;, os.version: &apos;10.0&apos;, java.version: &apos;17.0.1&apos;
Driver info: org.openqa.selenium.chrome.ChromeDriver
Capabilities {acceptInsecureCerts: false, browserName: chrome, browserVersion: 96.0.4664.110, chrome: {chromedriverVersion: 96.0.4664.18 (b8887b3d1742a..., userDataDir: C:\Users\khans\AppData\Loca...}, goog:chromeOptions: {debuggerAddress: localhost:52818}, javascriptEnabled: true, networkConnectionEnabled: false, pageLoadStrategy: normal, platform: WINDOWS, platformName: WINDOWS, proxy: Proxy(), setWindowRect: true, strictFileInteractability: false, timeouts: {implicit: 0, pageLoad: 300000, script: 30000}, unhandledPromptBehavior: dismiss and notify, webauthn:extension:credBlob: true, webauthn:extension:largeBlob: true, webauthn:virtualAuthenticators: true}
Session ID: b772d4708ae6393135bae2d3a7b6eb09
*** Element info: {Using=xpath, value=//*[@id=&quot;root&quot;]/div/div[1]/div/div/div/div/div[2]/div/form/div/div[1]/h5}
	at org.openqa.selenium.remote.http.W3CHttpResponseCodec.createException(W3CHttpResponseCodec.java:187)
	at org.openqa.selenium.remote.http.W3CHttpResponseCodec.decode(W3CHttpResponseCodec.java:122)
	at org.openqa.selenium.remote.http.W3CHttpResponseCodec.decode(W3CHttpResponseCodec.java:49)
	at org.openqa.selenium.remote.HttpCommandExecutor.execute(HttpCommandExecutor.java:158)
	at org.openqa.selenium.remote.service.DriverCommandExecutor.execute(DriverCommandExecutor.java:83)
	at org.openqa.selenium.remote.RemoteWebDriver.execute(RemoteWebDriver.java:552)
	at org.openqa.selenium.remote.RemoteWebDriver.findElement(RemoteWebDriver.java:323)
	at org.openqa.selenium.remote.RemoteWebDriver.findElementByXPath(RemoteWebDriver.java:428)
	at org.openqa.selenium.By$ByXPath.findElement(By.java:353)
	at org.openqa.selenium.remote.RemoteWebDriver.findElement(RemoteWebDriver.java:315)
	at pages.BasePage.readText(BasePage.java:29)
	at pages.PageAgentSignUp.verifyForm2(PageAgentSignUp.java:498)
	at tests.AgentSignUp.TC_Negative_Verify_that_Agent_Should_ValidateFirstForm_InCaseOfValidFields(AgentSignUp.java:82)
	at java.base/java.util.ArrayList.forEach(ArrayList.java:1511)
... Removed 32 stack frames</div></td></tr></table><p class="totop"><a href="#summary">back to summary</a></p>
<h3 id="m3">tests.AgentSignUp#TC_Negative_Verify_that_Agent_ShouldGet_TheValidationError_InCaseOfEmptyFields</h3><table class="result"><tr><th class="invisible"/></tr></table><p class="totop"><a href="#summary">back to summary</a></p>
<h3 id="m4">tests.AgentSignUp#TC_Negative_Verify_that_Agent_ShouldGet_TheValidationError_InCaseOfEmptyFields_Step2</h3><table class="result"><tr><th class="invisible"/></tr></table><p class="totop"><a href="#summary">back to summary</a></p>
<h3 id="m5">tests.AgentSignUp#TC_Negative_Verify_that_Agent_ShouldNot_AbleToEnter_AlphabeticalValue_inMobileNumber_Field</h3><table class="result"><tr><th class="invisible"/></tr></table><p class="totop"><a href="#summary">back to summary</a></p>
<h3 id="m6">tests.AgentSignUp#TC_Negative_Verify_that_Agent_Should_GetError_OnEnter_AlreadyExistUser</h3><table class="result"><tr><th class="invisible"/></tr></table><p class="totop"><a href="#summary">back to summary</a></p>
<h3 id="m7">tests.AgentSignUp#TC_Negative_Verify_that_Agent_Should_GetError_OnEnter_InvalidEmail</h3><table class="result"><tr><th class="invisible"/></tr></table><p class="totop"><a href="#summary">back to summary</a></p>
<h3 id="m8">tests.AgentSignUp#TC_Negative_Verify_that_Agent_Should_GetError_OnEnter_InvalidNumber</h3><table class="result"><tr><th class="invisible"/></tr></table><p class="totop"><a href="#summary">back to summary</a></p>
<h3 id="m9">tests.AgentSignUp#TC_Negative_Verify_that_Agent_ShouldbeAble_ToReachOn_Step3_Successfully</h3><table class="result"><tr><th class="invisible"/></tr></table><p class="totop"><a href="#summary">back to summary</a></p>
<h3 id="m10">tests.AgentSignUp#TC_Negative_Verify_that_Agent_ShouldbeAble_ToSelect_Town_Successfully</h3><table class="result"><tr><th class="invisible"/></tr></table><p class="totop"><a href="#summary">back to summary</a></p>
<h3 id="m11">tests.AgentSignUp#TC_Negative_Verify_that_Agent_ShouldbeAble_ToSelect_YearSuccessfully</h3><table class="result"><tr><th class="invisible"/></tr></table><p class="totop"><a href="#summary">back to summary</a></p>
<h3 id="m12">tests.AgentSignUp#TC_Negative_Verify_that_Agent_ShouldbeAble_ToSubmit_Step2_Successfully</h3><table class="result"><tr><th class="invisible"/></tr></table><p class="totop"><a href="#summary">back to summary</a></p>
<h3 id="m13">tests.AgentSignUp#TC_Negative_Verify_that_Agent_ShouldbeAble_ToUpload_ImageSuccessfully</h3><table class="result"><tr><th class="invisible"/></tr></table><p class="totop"><a href="#summary">back to summary</a></p>
</body>
</html>
