<?xml version="1.0" encoding="UTF-8"?>
<!-- Generated by org.testng.reporters.JUnitReportReporter -->
<testsuite hostname="DESKTOP-RQ3L8BF" failures="0" tests="10" name="tests.ClientSignUp" time="114.691" errors="1" timestamp="2021-12-28T11:41:00 IST" skipped="1">
  <testcase classname="tests.ClientSignUp" name="TC_Negative_Verify_that_Client_ShouldGet_theError_Onclick_SubmitButton_forEmptyFieldCase" time="9.626"/>
  <system-out/>
  <testcase classname="tests.ClientSignUp" name="TC_Negative_Verify_that_ErrorDisplayed_WhenUser_Enter_AlphabeticalValue_InPhoneNumberField" time="4.579"/>
  <system-out/>
  <testcase classname="tests.ClientSignUp" name="TC_Negative_Verify_that_ErrorDisplayed_WhenUser_Enter_InvalidValue_InEmailField" time="9.719"/>
  <system-out/>
  <testcase classname="tests.ClientSignUp" name="TC_Positive_Verify_that_clientShould_ableToSchedule_Appointment_byDateAndTime" time="17.861"/>
  <system-out/>
  <testcase classname="tests.ClientSignUp" name="TC_Positive_Verify_that_clientredirects_ToJunglerClientDashboard_Onclick_GoToJungler" time="11.395"/>
  <system-out/>
  <testcase classname="tests.ClientSignUp" name="TC_Positive_Verify_that_clientredirects_ToJunglerWebsite_Onclick_LogoutLink" time="4.639"/>
  <system-out/>
  <testcase classname="tests.ClientSignUp" name="TC_Positive_Verify_that_Client_ShouldAble_ToSignUp_Through_Option3" time="25.552"/>
  <system-out/>
  <testcase classname="tests.ClientSignUp" name="TC_Negative_Verify_that_ErrorDisplayed_WhenUser_Enter_AlreadyExistingUser_InEmailField" time="17.462"/>
  <system-out/>
  <testcase classname="tests.ClientSignUp" name="TC_Positive_Verify_that_Client_ShouldAble_ToSignUp_Through_Option1" time="13.858">
    <error message="no such element: Unable to locate element: {&quot;method&quot;:&quot;css selector&quot;,&quot;selector&quot;:&quot;.thankyou__section\-\-title&quot;}
  (Session info: chrome=96.0.4664.110)
For documentation on this error, please visit: https://www.seleniumhq.org/exceptions/no_such_element.html
Build info: version: &#039;3.141.59&#039;, revision: &#039;e82be7d358&#039;, time: &#039;2018-11-14T08:25:48&#039;
System info: host: &#039;DESKTOP-RQ3L8BF&#039;, ip: &#039;192.168.1.11&#039;, os.name: &#039;Windows 10&#039;, os.arch: &#039;amd64&#039;, os.version: &#039;10.0&#039;, java.version: &#039;14.0.2&#039;
Driver info: org.openqa.selenium.chrome.ChromeDriver
Capabilities {acceptInsecureCerts: false, browserName: chrome, browserVersion: 96.0.4664.110, chrome: {chromedriverVersion: 96.0.4664.18 (b8887b3d1742a..., userDataDir: C:\Users\khans\AppData\Loca...}, goog:chromeOptions: {debuggerAddress: localhost:60746}, javascriptEnabled: true, networkConnectionEnabled: false, pageLoadStrategy: normal, platform: WINDOWS, platformName: WINDOWS, proxy: Proxy(), setWindowRect: true, strictFileInteractability: false, timeouts: {implicit: 0, pageLoad: 300000, script: 30000}, unhandledPromptBehavior: dismiss and notify, webauthn:extension:credBlob: true, webauthn:extension:largeBlob: true, webauthn:virtualAuthenticators: true}
Session ID: 819547958a70779b71e39a806b26fa15
*** Element info: {Using=class name, value=thankyou__section--title}" type="org.openqa.selenium.NoSuchElementException">
      <![CDATA[org.openqa.selenium.NoSuchElementException: no such element: Unable to locate element: {"method":"css selector","selector":".thankyou__section\-\-title"}
  (Session info: chrome=96.0.4664.110)
For documentation on this error, please visit: https://www.seleniumhq.org/exceptions/no_such_element.html
Build info: version: '3.141.59', revision: 'e82be7d358', time: '2018-11-14T08:25:48'
System info: host: 'DESKTOP-RQ3L8BF', ip: '192.168.1.11', os.name: 'Windows 10', os.arch: 'amd64', os.version: '10.0', java.version: '14.0.2'
Driver info: org.openqa.selenium.chrome.ChromeDriver
Capabilities {acceptInsecureCerts: false, browserName: chrome, browserVersion: 96.0.4664.110, chrome: {chromedriverVersion: 96.0.4664.18 (b8887b3d1742a..., userDataDir: C:\Users\khans\AppData\Loca...}, goog:chromeOptions: {debuggerAddress: localhost:60746}, javascriptEnabled: true, networkConnectionEnabled: false, pageLoadStrategy: normal, platform: WINDOWS, platformName: WINDOWS, proxy: Proxy(), setWindowRect: true, strictFileInteractability: false, timeouts: {implicit: 0, pageLoad: 300000, script: 30000}, unhandledPromptBehavior: dismiss and notify, webauthn:extension:credBlob: true, webauthn:extension:largeBlob: true, webauthn:virtualAuthenticators: true}
Session ID: 819547958a70779b71e39a806b26fa15
*** Element info: {Using=class name, value=thankyou__section--title}
at java.base/jdk.internal.reflect.NativeConstructorAccessorImpl.newInstance0(Native Method)
at java.base/jdk.internal.reflect.NativeConstructorAccessorImpl.newInstance(NativeConstructorAccessorImpl.java:62)
at java.base/jdk.internal.reflect.DelegatingConstructorAccessorImpl.newInstance(DelegatingConstructorAccessorImpl.java:45)
at java.base/java.lang.reflect.Constructor.newInstanceWithCaller(Constructor.java:500)
at java.base/java.lang.reflect.Constructor.newInstance(Constructor.java:481)
at org.openqa.selenium.remote.http.W3CHttpResponseCodec.createException(W3CHttpResponseCodec.java:187)
at org.openqa.selenium.remote.http.W3CHttpResponseCodec.decode(W3CHttpResponseCodec.java:122)
at org.openqa.selenium.remote.http.W3CHttpResponseCodec.decode(W3CHttpResponseCodec.java:49)
at org.openqa.selenium.remote.HttpCommandExecutor.execute(HttpCommandExecutor.java:158)
at org.openqa.selenium.remote.service.DriverCommandExecutor.execute(DriverCommandExecutor.java:83)
at org.openqa.selenium.remote.RemoteWebDriver.execute(RemoteWebDriver.java:552)
at org.openqa.selenium.remote.RemoteWebDriver.findElement(RemoteWebDriver.java:323)
at org.openqa.selenium.remote.RemoteWebDriver.findElementByClassName(RemoteWebDriver.java:412)
at org.openqa.selenium.By$ByClassName.findElement(By.java:389)
at org.openqa.selenium.remote.RemoteWebDriver.findElement(RemoteWebDriver.java:315)
at pages.BasePage.readText(BasePage.java:29)
at pages.PageSignUp.verifySignUpOptions(PageSignUp.java:273)
at tests.ClientSignUp.TC_Positive_Verify_that_Client_ShouldAble_ToSignUp_Through_Option1(ClientSignUp.java:60)
at java.base/jdk.internal.reflect.NativeMethodAccessorImpl.invoke0(Native Method)
at java.base/jdk.internal.reflect.NativeMethodAccessorImpl.invoke(NativeMethodAccessorImpl.java:62)
at java.base/jdk.internal.reflect.DelegatingMethodAccessorImpl.invoke(DelegatingMethodAccessorImpl.java:43)
at java.base/java.lang.reflect.Method.invoke(Method.java:564)
at org.testng.internal.MethodInvocationHelper.invokeMethod(MethodInvocationHelper.java:133)
at org.testng.internal.TestInvoker.invokeMethod(TestInvoker.java:598)
at org.testng.internal.TestInvoker.invokeTestMethod(TestInvoker.java:173)
at org.testng.internal.MethodRunner.runInSequence(MethodRunner.java:46)
at org.testng.internal.TestInvoker$MethodInvocationAgent.invoke(TestInvoker.java:824)
at org.testng.internal.TestInvoker.invokeTestMethods(TestInvoker.java:146)
at org.testng.internal.TestMethodWorker.invokeTestMethods(TestMethodWorker.java:146)
at org.testng.internal.TestMethodWorker.run(TestMethodWorker.java:128)
at java.base/java.util.ArrayList.forEach(ArrayList.java:1511)
at org.testng.TestRunner.privateRun(TestRunner.java:794)
at org.testng.TestRunner.run(TestRunner.java:596)
at org.testng.SuiteRunner.runTest(SuiteRunner.java:377)
at org.testng.SuiteRunner.runSequentially(SuiteRunner.java:371)
at org.testng.SuiteRunner.privateRun(SuiteRunner.java:332)
at org.testng.SuiteRunner.run(SuiteRunner.java:276)
at org.testng.SuiteRunnerWorker.runSuite(SuiteRunnerWorker.java:53)
at org.testng.SuiteRunnerWorker.run(SuiteRunnerWorker.java:96)
at org.testng.TestNG.runSuitesSequentially(TestNG.java:1212)
at org.testng.TestNG.runSuitesLocally(TestNG.java:1134)
at org.testng.TestNG.runSuites(TestNG.java:1063)
at org.testng.TestNG.run(TestNG.java:1031)
at org.testng.remote.AbstractRemoteTestNG.run(AbstractRemoteTestNG.java:115)
at org.testng.remote.RemoteTestNG.initAndRun(RemoteTestNG.java:251)
at org.testng.remote.RemoteTestNG.main(RemoteTestNG.java:77)
]]>
    </error>
  </testcase> <!-- TC_Positive_Verify_that_Client_ShouldAble_ToSignUp_Through_Option1 -->
  <system-out/>
  <testcase classname="tests.ClientSignUp" name="TC_Positive_Verify_that_Client_ShouldAble_ToSignUp_Through_Option2">
    <skipped/>
  </testcase> <!-- TC_Positive_Verify_that_Client_ShouldAble_ToSignUp_Through_Option2 -->
  <system-out/>
</testsuite> <!-- tests.ClientSignUp -->
